[{"line":2,"elements":[{"line":4,"name":"","description":"","type":"background","keyword":"Background","steps":[{"result":{"duration":15226569100,"status":"passed"},"line":5,"name":"Launch the browser and navigate to URL","match":{"location":"Stepdefinitions.Multiplesearchsteps.launch_the_browser_and_navigate_to_url()"},"keyword":"Given "},{"result":{"duration":2002000,"status":"passed"},"line":6,"name":"close the Browser","match":{"location":"Stepdefinitions.MakeMyTripSearchteststeps.close_the_browser()"},"keyword":"And "}]},{"start_timestamp":"2025-07-23T07:17:27.656Z","before":[{"result":{"duration":6339147900,"status":"passed"},"match":{"location":"Stepdefinitions.Hooks.setUp()"}}],"line":52,"name":"To Book a Train Ticket","description":"","id":"to-validate-the-makemytrip-functionality;to-book-a-train-ticket","after":[{"result":{"duration":550133600,"status":"passed"},"match":{"location":"Stepdefinitions.Hooks.tearDown()"}}],"type":"scenario","keyword":"Scenario","steps":[{"result":{"duration":76187488100,"status":"passed"},"line":54,"name":"To search for trains in General Quota","match":{"location":"Stepdefinitions.MakeMyTripSearchteststeps.to_search_for_trains_in_general_quota()"},"keyword":"Given "},{"result":{"duration":7184506900,"status":"passed"},"line":56,"name":"Choose AC, Ticket Type, Quota for the trains","match":{"location":"Stepdefinitions.MakeMyTripSearchteststeps.choose_ac_ticket_type_quota_for_the_trains()"},"keyword":"When "},{"result":{"duration":1613593800,"status":"passed"},"line":58,"name":"Click on the preferred train","match":{"location":"Stepdefinitions.MakeMyTripSearchteststeps.click_on_the_preferred_train()"},"keyword":"Then "},{"result":{"duration":822496300,"status":"passed"},"line":60,"name":"Take Screenshot","match":{"location":"Stepdefinitions.MakeMyTripSearchteststeps.take_screenshot_and_close_browser()"},"keyword":"And "},{"result":{"error_message":"org.openqa.selenium.TimeoutException: Expected condition failed: waiting for visibility of Proxy element for: DefaultElementLocator 'By.xpath: //p[text()='Zero charges when the ticket is cancelled']' (tried for 30 second(s) with 500 milliseconds interval)\r\n\tat org.openqa.selenium.support.ui.WebDriverWait.timeoutException(WebDriverWait.java:84)\r\n\tat org.openqa.selenium.support.ui.FluentWait.until(FluentWait.java:230)\r\n\tat Utilities.ReusableFunctions.waitForElementToBeVisible(ReusableFunctions.java:32)\r\n\tat Utilities.ReusableFunctions.clickElement(ReusableFunctions.java:36)\r\n\tat Pages.MakeMyTripTicketBooking.selectCharges(MakeMyTripTicketBooking.java:95)\r\n\tat Stepdefinitions.TicketBookingSteps.enter_travveler_details_using_irctc_username(TicketBookingSteps.java:34)\r\n\tat âœ½.enter travveler details using IRCTC Username(file:///D:/eclipse-workspace/MakeMyTrip/src/test/resources/features/MakeMyTrip.feature:62)\r\nCaused by: org.openqa.selenium.NoSuchElementException: no such element: Unable to locate element: {\"method\":\"xpath\",\"selector\":\"//p[text()='Zero charges when the ticket is cancelled']\"}\n  (Session info: chrome=137.0.7151.120)\nFor documentation on this error, please visit: https://www.selenium.dev/documentation/webdriver/troubleshooting/errors#no-such-element-exception\nBuild info: version: '4.12.1', revision: '8e34639b11'\nSystem info: os.name: 'Windows 10', os.arch: 'amd64', os.version: '10.0', java.version: '21.0.7'\nDriver info: org.openqa.selenium.chrome.ChromeDriver\nCommand: [c0c024085c8d10328d0e9457d37c61a0, findElement {using=xpath, value=//p[text()='Zero charges when the ticket is cancelled']}]\nCapabilities {acceptInsecureCerts: false, browserName: chrome, browserVersion: 137.0.7151.120, chrome: {chromedriverVersion: 137.0.7151.119 (e0ac9d12dff..., userDataDir: C:\\Users\\DELL\\AppData\\Local...}, fedcm:accounts: true, goog:chromeOptions: {debuggerAddress: localhost:51695}, networkConnectionEnabled: false, pageLoadStrategy: normal, platformName: windows, proxy: Proxy(), se:cdp: ws://localhost:51695/devtoo..., se:cdpVersion: 137.0.7151.120, setWindowRect: true, strictFileInteractability: false, timeouts: {implicit: 0, pageLoad: 300000, script: 30000}, unhandledPromptBehavior: dismiss and notify, webauthn:extension:credBlob: true, webauthn:extension:largeBlob: true, webauthn:extension:minPinLength: true, webauthn:extension:prf: true, webauthn:virtualAuthenticators: true}\nSession ID: c0c024085c8d10328d0e9457d37c61a0\r\n\tat java.base/jdk.internal.reflect.DirectConstructorHandleAccessor.newInstance(DirectConstructorHandleAccessor.java:62)\r\n\tat java.base/java.lang.reflect.Constructor.newInstanceWithCaller(Constructor.java:502)\r\n\tat java.base/java.lang.reflect.Constructor.newInstance(Constructor.java:486)\r\n\tat org.openqa.selenium.remote.codec.w3c.W3CHttpResponseCodec.createException(W3CHttpResponseCodec.java:200)\r\n\tat org.openqa.selenium.remote.codec.w3c.W3CHttpResponseCodec.decode(W3CHttpResponseCodec.java:133)\r\n\tat org.openqa.selenium.remote.codec.w3c.W3CHttpResponseCodec.decode(W3CHttpResponseCodec.java:52)\r\n\tat org.openqa.selenium.remote.HttpCommandExecutor.execute(HttpCommandExecutor.java:191)\r\n\tat org.openqa.selenium.remote.service.DriverCommandExecutor.invokeExecute(DriverCommandExecutor.java:196)\r\n\tat org.openqa.selenium.remote.service.DriverCommandExecutor.execute(DriverCommandExecutor.java:171)\r\n\tat org.openqa.selenium.remote.RemoteWebDriver.execute(RemoteWebDriver.java:602)\r\n\tat org.openqa.selenium.remote.ElementLocation$ElementFinder$2.findElement(ElementLocation.java:165)\r\n\tat org.openqa.selenium.remote.ElementLocation.findElement(ElementLocation.java:59)\r\n\tat org.openqa.selenium.remote.RemoteWebDriver.findElement(RemoteWebDriver.java:359)\r\n\tat org.openqa.selenium.remote.RemoteWebDriver.findElement(RemoteWebDriver.java:353)\r\n\tat org.openqa.selenium.support.pagefactory.DefaultElementLocator.findElement(DefaultElementLocator.java:68)\r\n\tat org.openqa.selenium.support.pagefactory.internal.LocatingElementHandler.invoke(LocatingElementHandler.java:38)\r\n\tat jdk.proxy2/jdk.proxy2.$Proxy43.isDisplayed(Unknown Source)\r\n\tat org.openqa.selenium.support.ui.ExpectedConditions.elementIfVisible(ExpectedConditions.java:304)\r\n\tat org.openqa.selenium.support.ui.ExpectedConditions.access$000(ExpectedConditions.java:37)\r\n\tat org.openqa.selenium.support.ui.ExpectedConditions$10.apply(ExpectedConditions.java:290)\r\n\tat org.openqa.selenium.support.ui.ExpectedConditions$10.apply(ExpectedConditions.java:287)\r\n\tat org.openqa.selenium.support.ui.FluentWait.until(FluentWait.java:205)\r\n\tat Utilities.ReusableFunctions.waitForElementToBeVisible(ReusableFunctions.java:32)\r\n\tat Utilities.ReusableFunctions.clickElement(ReusableFunctions.java:36)\r\n\tat Pages.MakeMyTripTicketBooking.selectCharges(MakeMyTripTicketBooking.java:95)\r\n\tat Stepdefinitions.TicketBookingSteps.enter_travveler_details_using_irctc_username(TicketBookingSteps.java:34)\r\n\tat java.base/jdk.internal.reflect.DirectMethodHandleAccessor.invoke(DirectMethodHandleAccessor.java:103)\r\n\tat java.base/java.lang.reflect.Method.invoke(Method.java:580)\r\n\tat io.cucumber.java.Invoker.doInvoke(Invoker.java:66)\r\n\tat io.cucumber.java.Invoker.invoke(Invoker.java:24)\r\n\tat io.cucumber.java.AbstractGlueDefinition.invokeMethod(AbstractGlueDefinition.java:47)\r\n\tat io.cucumber.java.JavaStepDefinition.execute(JavaStepDefinition.java:29)\r\n\tat io.cucumber.core.runner.CoreStepDefinition.execute(CoreStepDefinition.java:66)\r\n\tat io.cucumber.core.runner.PickleStepDefinitionMatch.runStep(PickleStepDefinitionMatch.java:63)\r\n\tat io.cucumber.core.runner.ExecutionMode$1.execute(ExecutionMode.java:10)\r\n\tat io.cucumber.core.runner.TestStep.executeStep(TestStep.java:84)\r\n\tat io.cucumber.core.runner.TestStep.run(TestStep.java:56)\r\n\tat io.cucumber.core.runner.PickleStepTestStep.run(PickleStepTestStep.java:51)\r\n\tat io.cucumber.core.runner.TestCase.run(TestCase.java:84)\r\n\tat io.cucumber.core.runner.Runner.runPickle(Runner.java:75)\r\n\tat io.cucumber.testng.TestNGCucumberRunner.lambda$runScenario$1(TestNGCucumberRunner.java:132)\r\n\tat io.cucumber.core.runtime.CucumberExecutionContext.lambda$runTestCase$5(CucumberExecutionContext.java:137)\r\n\tat io.cucumber.core.runtime.RethrowingThrowableCollector.executeAndThrow(RethrowingThrowableCollector.java:23)\r\n\tat io.cucumber.core.runtime.CucumberExecutionContext.runTestCase(CucumberExecutionContext.java:137)\r\n\tat io.cucumber.testng.TestNGCucumberRunner.runScenario(TestNGCucumberRunner.java:129)\r\n\tat io.cucumber.testng.AbstractTestNGCucumberTests.runScenario(AbstractTestNGCucumberTests.java:35)\r\n\tat java.base/jdk.internal.reflect.DirectMethodHandleAccessor.invoke(DirectMethodHandleAccessor.java:103)\r\n\tat java.base/java.lang.reflect.Method.invoke(Method.java:580)\r\n\tat org.testng.internal.invokers.MethodInvocationHelper.invokeMethod(MethodInvocationHelper.java:141)\r\n\tat org.testng.internal.invokers.TestInvoker.invokeMethod(TestInvoker.java:687)\r\n\tat org.testng.internal.invokers.TestInvoker.invokeTestMethod(TestInvoker.java:230)\r\n\tat org.testng.internal.invokers.MethodRunner.runInSequence(MethodRunner.java:63)\r\n\tat org.testng.internal.invokers.TestInvoker$MethodInvocationAgent.invoke(TestInvoker.java:995)\r\n\tat org.testng.internal.invokers.TestInvoker.invokeTestMethods(TestInvoker.java:203)\r\n\tat org.testng.internal.invokers.TestMethodWorker.invokeTestMethods(TestMethodWorker.java:154)\r\n\tat org.testng.internal.invokers.TestMethodWorker.run(TestMethodWorker.java:134)\r\n\tat java.base/java.util.ArrayList.forEach(ArrayList.java:1596)\r\n\tat org.testng.TestRunner.privateRun(TestRunner.java:741)\r\n\tat org.testng.TestRunner.run(TestRunner.java:616)\r\n\tat org.testng.SuiteRunner.runTest(SuiteRunner.java:421)\r\n\tat org.testng.SuiteRunner.runSequentially(SuiteRunner.java:413)\r\n\tat org.testng.SuiteRunner.privateRun(SuiteRunner.java:373)\r\n\tat org.testng.SuiteRunner.run(SuiteRunner.java:312)\r\n\tat org.testng.SuiteRunnerWorker.runSuite(SuiteRunnerWorker.java:52)\r\n\tat org.testng.SuiteRunnerWorker.run(SuiteRunnerWorker.java:95)\r\n\tat org.testng.TestNG.runSuitesSequentially(TestNG.java:1274)\r\n\tat org.testng.TestNG.runSuitesLocally(TestNG.java:1208)\r\n\tat org.testng.TestNG.runSuites(TestNG.java:1112)\r\n\tat org.testng.TestNG.run(TestNG.java:1079)\r\n\tat org.testng.remote.AbstractRemoteTestNG.run(AbstractRemoteTestNG.java:115)\r\n\tat org.testng.remote.RemoteTestNG.initAndRun(RemoteTestNG.java:293)\r\n\tat org.testng.remote.RemoteTestNG.main(RemoteTestNG.java:91)\r\n","duration":53545147400,"status":"failed"},"line":62,"name":"enter travveler details using IRCTC Username","match":{"location":"Stepdefinitions.TicketBookingSteps.enter_travveler_details_using_irctc_username()"},"keyword":"Given "},{"result":{"status":"skipped"},"line":64,"name":"Click on Add Trveller to enter the traveller details and enter the valid IRCTC Username","match":{"location":"Stepdefinitions.TicketBookingSteps.click_on_add_trveller_to_enter_the_traveller_details_and_enter_the_valid_irctc_username()"},"keyword":"When "},{"result":{"duration":1061000,"status":"skipped"},"line":66,"name":"Give Contact email , mobile number and click on consent","match":{"location":"Stepdefinitions.TicketBookingSteps.give_contact_email_mobile_number_and_click_on_consent()"},"keyword":"Then "},{"result":{"duration":992700,"status":"skipped"},"line":68,"name":"Click on Pay and Book Ticket, Close the Browser","match":{"location":"Stepdefinitions.TicketBookingSteps.click_on_pay_and_book_ticket_close_the_browser()"},"keyword":"And "}],"tags":[{"name":"@totalBooking"}]}],"name":"To validate the MakeMyTrip functionality","description":"","id":"to-validate-the-makemytrip-functionality","keyword":"Feature","uri":"file:src/test/resources/features/MakeMyTrip.feature","tags":[]}]